2022-12-16 17:33:39,995 - __main__ - ERROR - Celestial Body Loki Doesn't Exist
2022-12-16 17:33:48,655 - __main__ - ERROR - Celestial Body Loki Doesn't Exist
2022-12-16 17:37:18,153 - __main__ - ERROR - Not A Valid Mass
2022-12-16 17:37:33,721 - __main__ - ERROR - Not A Valid Mass
2022-12-16 17:37:37,602 - __main__ - ERROR - Celestial Body Moki Doesn't Exist
2022-12-16 17:38:22,524 - __main__ - ERROR - Celestial Body Moki Doesn't Exist
2022-12-16 17:38:35,512 - __main__ - ERROR - Celestial Body Moki Doesn't Exist
2022-12-16 17:38:50,139 - __main__ - ERROR - Celestial Body Moki Doesn't Exist
2022-12-16 17:41:07,646 - __main__ - WARNING - Celestial Body Loki Doesn't Exist
2022-12-16 17:41:07,647 - __main__ - ERROR - Celestial Body Loki Doesn't Exist
2022-12-16 17:41:34,195 - __main__ - WARNING - Celestial Body Moki Doesn't Exist
2022-12-16 17:41:34,196 - __main__ - ERROR - Celestial Body Moki Doesn't Exist
2022-12-16 17:44:22,607 - __main__ - WARNING - Celestial Body Moki Doesn't Exist
2022-12-16 17:44:22,608 - __main__ - ERROR - Celestial Body Moki Doesn't Exist
2022-12-16 17:44:31,729 - __main__ - WARNING - Celestial Body Loki Doesn't Exist
2022-12-16 17:44:31,729 - __main__ - ERROR - Celestial Body Loki Doesn't Exist
2022-12-16 17:44:56,903 - __main__ - WARNING - Not A Valid Cluster Name
2022-12-16 17:44:56,903 - __main__ - ERROR - Not A Valid Cluster Name
2022-12-16 17:45:45,448 - __main__ - WARNING - Not A Valid Mass
2022-12-16 17:45:45,448 - __main__ - ERROR - Not A Valid Mass
2022-12-16 18:46:24,227 - logger - WARNING - Not A Valid Body Type
2022-12-16 18:46:24,227 - logger - ERROR - Not A Valid Body Type
2022-12-17 11:58:38,090 - logger - WARNING - Celestial Body Loki Doesn't Exist
2022-12-17 11:58:38,090 - logger - ERROR - Celestial Body Loki Doesn't Exist
2022-12-17 12:19:41,791 - logger - WARNING - Not A Valid Body Type
2022-12-17 12:19:41,792 - logger - ERROR - Not A Valid Body Type
2022-12-17 12:45:03,827 - logger - INFO - Method Call: celestial_body_input
2022-12-17 12:45:15,636 - logger - INFO - Method Call: set_celestial_body
2022-12-17 12:45:19,008 - logger - INFO - Method Call: get_celestial_body
2022-12-17 12:45:24,344 - logger - INFO - Method Call: get_celestial_bodies
2022-12-17 12:45:27,107 - logger - INFO - Method Call: delete_celestial_body
2022-12-17 16:47:32,515 - logger - ERROR - CelestialBody.calculate_rotation() missing 1 required positional argument: 'title'
2022-12-17 16:47:34,795 - logger - INFO - Method Call: celestial_body_input
2022-12-17 16:47:48,251 - logger - INFO - Method Call: set_celestial_body
2022-12-17 16:47:51,689 - logger - ERROR - CelestialBody.calculate_rotation() missing 1 required positional argument: 'title'
2022-12-17 16:48:22,067 - logger - INFO - Method Call: celestial_body_input
2022-12-17 16:48:33,122 - logger - INFO - Method Call: set_celestial_body
2022-12-17 16:48:40,276 - logger - ERROR - '<=' not supported between instances of 'str' and 'int'
2022-12-17 16:50:44,553 - logger - INFO - Method Call: celestial_body_input
2022-12-17 16:51:04,381 - logger - INFO - Method Call: set_celestial_body
2022-12-17 16:51:16,921 - logger - ERROR - invalid literal for int() with base 10: 'Velocity:'
2022-12-17 16:51:33,162 - logger - INFO - Method Call: celestial_body_input
2022-12-17 16:51:44,491 - logger - INFO - Method Call: celestial_body_input
2022-12-17 16:51:50,993 - logger - WARNING - Not A Valid Linear Velocity
2022-12-17 16:51:50,994 - logger - ERROR - Not A Valid Linear Velocity
2022-12-17 16:51:54,323 - logger - INFO - Method Call: celestial_body_input
2022-12-17 16:51:56,647 - logger - ERROR - '10' is not a valid BodyType
2022-12-17 16:52:00,979 - logger - INFO - Method Call: celestial_body_input
2022-12-17 16:52:12,790 - logger - INFO - Method Call: set_celestial_body
2022-12-17 16:53:01,401 - logger - INFO - Method Call: celestial_body_input
2022-12-17 16:53:11,454 - logger - INFO - Method Call: set_celestial_body
2022-12-17 16:57:36,299 - logger - INFO - Method Call: celestial_body_input
2022-12-17 16:57:45,532 - logger - INFO - Method Call: set_celestial_body
2022-12-17 17:01:35,430 - logger - INFO - Method Call: celestial_body_input
2022-12-17 17:02:44,878 - logger - INFO - Method Call: set_celestial_body
2022-12-17 17:03:02,911 - logger - ERROR - Celestial Body None Doesn't Exist
2022-12-17 17:03:43,462 - logger - INFO - Method Call: get_celestial_bodies
2022-12-17 17:04:05,606 - logger - INFO - Method Call: celestial_body_input
2022-12-17 17:04:47,179 - logger - INFO - Method Call: set_celestial_body
2022-12-17 17:06:06,335 - logger - INFO - Method Call: celestial_body_input
2022-12-17 17:06:37,005 - logger - INFO - Method Call: set_celestial_body
2022-12-17 17:24:26,834 - logger - INFO - Method Call: celestial_body_input
2022-12-17 17:24:49,187 - logger - INFO - Method Call: set_celestial_body
2022-12-17 17:25:30,331 - logger - INFO - Method Call: celestial_body_input
2022-12-17 17:26:51,957 - logger - INFO - Method Call: set_celestial_body
2022-12-19 11:06:58,349 - logger - INFO - Method Call: celestial_body_input
2022-12-19 11:07:31,006 - logger - INFO - Method Call: set_celestial_body
2022-12-19 11:07:39,039 - logger - INFO - Method Call: celestial_body_input
2022-12-19 11:08:18,378 - logger - WARNING - Not A Valid Surface Temperature
2022-12-19 11:08:18,378 - logger - ERROR - Not A Valid Surface Temperature
2022-12-19 11:08:47,539 - logger - INFO - Method Call: celestial_body_input
2022-12-19 11:09:06,823 - logger - INFO - Method Call: set_celestial_body
2022-12-19 11:09:37,447 - logger - INFO - Method Call: compare_celestial_bodies
2022-12-19 11:21:01,289 - logger - INFO - Method Call: celestial_body_input
2022-12-19 11:21:17,364 - logger - INFO - Method Call: set_celestial_body
2022-12-19 11:21:18,945 - logger - INFO - Method Call: celestial_body_input
2022-12-19 11:21:39,107 - logger - INFO - Method Call: set_celestial_body
2022-12-19 11:21:49,020 - logger - INFO - Method Call: compare_celestial_bodies
2022-12-19 11:23:00,618 - logger - INFO - Method Call: celestial_body_input
2022-12-19 11:23:15,492 - logger - INFO - Method Call: set_celestial_body
2022-12-19 11:23:18,026 - logger - INFO - Method Call: celestial_body_input
2022-12-19 11:23:34,117 - logger - INFO - Method Call: set_celestial_body
2022-12-19 11:23:40,350 - logger - INFO - Method Call: compare_celestial_bodies
2022-12-19 11:23:40,351 - logger - INFO - Comparing Celestial Bodies
2022-12-19 11:23:40,351 - logger - INFO - Comparing Celestial Bodies
2022-12-19 11:23:40,352 - logger - INFO - Comparing Celestial Bodies
2022-12-19 11:23:40,352 - logger - INFO - Comparing Celestial Bodies
2022-12-19 11:23:40,353 - logger - INFO - Comparing Celestial Bodies
2022-12-19 11:23:40,353 - logger - INFO - Comparing Celestial Bodies
2022-12-19 11:23:40,354 - logger - INFO - Comparing Celestial Bodies
2022-12-19 11:23:40,354 - logger - INFO - Comparing Celestial Bodies
2022-12-19 11:23:40,355 - logger - INFO - Comparing Celestial Bodies
2022-12-19 11:23:40,355 - logger - INFO - Comparing Celestial Bodies
2022-12-19 12:03:57,209 - logger - ERROR - Cannot Divide By Zero
2022-12-19 17:00:53,455 - logger - INFO - Method Call: celestial_body_input
2022-12-19 17:01:21,875 - logger - INFO - Method Call: celestial_body_input
2022-12-19 17:03:06,234 - logger - INFO - Method Call: celestial_body_input
2022-12-19 17:03:19,393 - logger - WARNING - Not A Valid Number
2022-12-19 17:03:19,393 - logger - ERROR - Not A Valid Number
2022-12-19 17:04:12,150 - logger - INFO - Method Call: celestial_body_input
2022-12-19 17:04:37,670 - logger - INFO - Method Call: set_celestial_body
2022-12-19 17:04:37,671 - logger - INFO - Comparing Celestial Bodies
2022-12-19 17:05:06,782 - logger - INFO - Method Call: get_celestial_body
2022-12-19 17:08:25,576 - logger - INFO - Method Call: celestial_body_input
2022-12-19 17:08:29,277 - logger - WARNING - Not A Valid Number
2022-12-19 17:08:29,278 - logger - ERROR - Not A Valid Number
2022-12-19 17:09:05,161 - logger - INFO - Method Call: celestial_body_input
2022-12-19 17:09:10,827 - logger - INFO - Method Call: celestial_body_input
2022-12-19 17:09:18,989 - logger - WARNING - Not A Valid Cluster Name
2022-12-19 17:09:18,989 - logger - ERROR - Not A Valid Cluster Name
2022-12-19 17:10:11,232 - logger - INFO - Method Call: celestial_body_input
2022-12-19 17:10:15,088 - logger - WARNING - Not A Valid Number
2022-12-19 17:10:15,089 - logger - ERROR - Not A Valid Number
2022-12-19 17:10:16,245 - logger - INFO - Method Call: celestial_body_input
2022-12-19 17:11:26,658 - logger - INFO - Method Call: celestial_body_input
2022-12-19 17:11:30,409 - logger - WARNING - Not A Valid Cluster Name
2022-12-19 17:11:30,409 - logger - ERROR - Not A Valid Cluster Name
2022-12-19 17:13:08,398 - logger - INFO - Method Call: celestial_body_input
2022-12-19 17:13:16,788 - logger - WARNING - Not A Valid Number
2022-12-19 17:13:16,789 - logger - ERROR - Not A Valid Number
2022-12-19 17:14:12,207 - logger - INFO - Method Call: celestial_body_input
2022-12-19 17:14:16,655 - logger - WARNING - Not A Valid Number
2022-12-19 17:15:02,383 - logger - INFO - Method Call: celestial_body_input
2022-12-19 17:15:08,180 - logger - WARNING - Not A Valid Number
2022-12-19 17:15:10,942 - logger - WARNING - Not A Valid Number
2022-12-19 17:15:14,227 - logger - WARNING - Not A Valid Number
2022-12-19 17:15:17,107 - logger - ERROR - 'Sv bsjvkb' is not a valid BodyType
2022-12-19 17:15:30,765 - logger - INFO - Method Call: celestial_body_input
2022-12-19 17:15:33,931 - logger - WARNING - Not A Valid Cluster Name
2022-12-19 17:15:36,688 - logger - WARNING - Not A Valid Number
2022-12-19 17:15:40,483 - logger - WARNING - Not A Valid Number
2022-12-19 17:15:58,079 - logger - INFO - Method Call: celestial_body_input
2022-12-19 17:16:23,954 - logger - INFO - Method Call: celestial_body_input
2022-12-19 17:16:26,404 - logger - WARNING - Not A Valid Cluster Name
2022-12-19 17:16:28,326 - logger - WARNING - Not A Valid Number
2022-12-19 17:17:00,084 - logger - INFO - Method Call: celestial_body_input
2022-12-19 17:17:02,416 - logger - WARNING - Not A Valid 7289
2022-12-19 17:17:07,213 - logger - ERROR - '43' is not a valid BodyType
2022-12-19 17:57:02,170 - logger - INFO - Method Call: celestial_body_input
2022-12-19 17:57:06,158 - logger - ERROR - '43' is not a valid BodyType
2022-12-19 17:58:07,983 - logger - INFO - Method Call: celestial_body_input
2022-12-19 17:58:08,994 - logger - WARNING - Not A Valid 122
2022-12-19 17:58:13,500 - logger - ERROR - '1211' is not a valid BodyType
2022-12-19 17:58:57,822 - logger - INFO - Method Call: celestial_body_input
2022-12-19 17:59:00,944 - logger - ERROR - '43' is not a valid BodyType
2022-12-19 18:02:09,641 - logger - INFO - Method Call: celestial_body_input
2022-12-19 18:02:13,415 - logger - ERROR - '121' is not a valid BodyType
2022-12-19 19:10:10,232 - logger - INFO - Method Call: celestial_body_input
2022-12-19 19:10:22,509 - logger - INFO - Method Call: set_celestial_body
2022-12-19 19:10:30,371 - logger - INFO - Method Call: get_celestial_body
2022-12-19 19:10:43,888 - logger - INFO - Method Call: get_celestial_body
2022-12-19 19:10:43,889 - logger - WARNING - Celestial Body Loki Doesn't Exist
2022-12-19 19:10:43,889 - logger - ERROR - Celestial Body Loki Doesn't Exist
2022-12-19 19:13:34,412 - logger - INFO - Method Call: celestial_body_input
2022-12-19 19:13:43,696 - logger - INFO - Method Call: set_celestial_body
2022-12-19 19:13:46,054 - logger - INFO - Method Call: get_celestial_body
2022-12-19 19:13:46,054 - logger - ERROR - __str__ returned non-string (type dict)
2022-12-19 19:14:11,095 - logger - INFO - Method Call: celestial_body_input
2022-12-19 19:14:21,525 - logger - INFO - Method Call: set_celestial_body
2022-12-19 19:14:24,324 - logger - INFO - Method Call: get_celestial_body
2022-12-19 19:14:24,325 - logger - WARNING - Celestial Body Moki Doesn't Exist
2022-12-19 19:14:24,325 - logger - ERROR - Celestial Body Moki Doesn't Exist
2022-12-19 19:14:33,308 - logger - INFO - Method Call: get_celestial_body
2022-12-19 19:14:33,309 - logger - ERROR - __str__ returned non-string (type dict)
2022-12-19 19:17:39,520 - logger - INFO - Method Call: celestial_body_input
2022-12-19 19:17:49,896 - logger - INFO - Method Call: set_celestial_body
2022-12-19 19:17:52,796 - logger - INFO - Method Call: get_celestial_body
2022-12-19 19:17:52,797 - logger - ERROR - vars() argument must have __dict__ attribute
2022-12-19 19:18:20,647 - logger - INFO - Method Call: celestial_body_input
2022-12-19 19:18:28,289 - logger - INFO - Method Call: set_celestial_body
2022-12-19 19:18:30,630 - logger - INFO - Method Call: get_celestial_body
2022-12-19 19:18:30,631 - logger - ERROR - 'dict' object has no attribute '__dict__'
2022-12-19 19:18:52,054 - logger - INFO - Method Call: celestial_body_input
2022-12-19 19:19:00,735 - logger - INFO - Method Call: set_celestial_body
2022-12-19 19:19:03,416 - logger - INFO - Method Call: get_celestial_body
2022-12-19 19:19:03,416 - logger - ERROR - 'dict' object has no attribute '__dict__'
2022-12-19 19:19:20,611 - logger - INFO - Method Call: celestial_body_input
2022-12-19 19:19:27,823 - logger - INFO - Method Call: set_celestial_body
2022-12-19 19:19:30,247 - logger - INFO - Method Call: get_celestial_body
2022-12-19 19:20:00,592 - logger - INFO - Method Call: celestial_body_input
2022-12-19 19:20:09,309 - logger - INFO - Method Call: set_celestial_body
2022-12-19 19:20:11,254 - logger - INFO - Method Call: get_celestial_body
2022-12-19 19:20:11,254 - logger - ERROR - __str__ returned non-string (type dict_items)
2022-12-19 19:20:20,919 - logger - INFO - Method Call: celestial_body_input
2022-12-19 19:20:27,684 - logger - INFO - Method Call: set_celestial_body
2022-12-19 19:20:29,580 - logger - INFO - Method Call: get_celestial_body
2022-12-19 19:23:54,936 - logger - INFO - Method Call: celestial_body_input
2022-12-19 19:24:06,747 - logger - INFO - Method Call: set_celestial_body
2022-12-19 19:24:10,216 - logger - INFO - Method Call: get_celestial_body
2022-12-19 19:24:10,217 - logger - ERROR - 'CelestialBody' object has no attribute 'items'
2022-12-19 19:24:28,243 - logger - INFO - Method Call: celestial_body_input
2022-12-19 19:24:34,905 - logger - INFO - Method Call: set_celestial_body
2022-12-19 19:24:36,817 - logger - INFO - Method Call: get_celestial_body
2022-12-19 19:24:36,817 - logger - ERROR - 'CelestialBody' object is not iterable
2022-12-19 19:26:55,251 - logger - INFO - Method Call: celestial_body_input
2022-12-19 19:27:04,928 - logger - INFO - Method Call: set_celestial_body
2022-12-19 19:27:07,264 - logger - INFO - Method Call: get_celestial_body
2022-12-19 19:29:14,615 - logger - INFO - Method Call: celestial_body_input
2022-12-19 19:29:16,087 - logger - WARNING - Not A Valid 1
2022-12-19 19:29:25,130 - logger - INFO - Method Call: set_celestial_body
2022-12-19 19:29:27,719 - logger - INFO - Method Call: get_celestial_body
2022-12-19 19:29:27,720 - logger - WARNING - Celestial Body Moki Doesn't Exist
2022-12-19 19:29:27,720 - logger - ERROR - Celestial Body Moki Doesn't Exist
2022-12-19 19:29:38,568 - logger - INFO - Method Call: get_celestial_body
2022-12-19 19:29:38,568 - logger - WARNING - Celestial Body moki Doesn't Exist
2022-12-19 19:29:38,569 - logger - ERROR - Celestial Body moki Doesn't Exist
2022-12-19 19:30:05,172 - logger - INFO - Method Call: celestial_body_input
2022-12-19 19:30:09,631 - logger - WARNING - Not A Valid Number
2022-12-19 19:30:19,399 - logger - INFO - Method Call: set_celestial_body
2022-12-19 19:30:19,400 - logger - ERROR - invalid literal for int() with base 10: 'kbn'
2022-12-19 19:30:25,750 - logger - INFO - Method Call: get_celestial_body
2022-12-19 19:30:25,750 - logger - WARNING - Celestial Body Moki Doesn't Exist
2022-12-19 19:30:25,751 - logger - ERROR - Celestial Body Moki Doesn't Exist
2022-12-19 19:30:36,417 - logger - INFO - Method Call: celestial_body_input
2022-12-19 19:30:42,058 - logger - INFO - Method Call: set_celestial_body
2022-12-19 19:30:44,392 - logger - INFO - Method Call: get_celestial_body
2022-12-19 19:35:10,718 - logger - INFO - Method Call: celestial_body_input
2022-12-19 19:35:16,624 - logger - WARNING - Not A Valid Number
2022-12-19 19:35:19,746 - logger - INFO - Method Call: set_celestial_body
2022-12-19 19:35:19,747 - logger - ERROR - invalid literal for int() with base 10: 'zvjbv'
2022-12-19 19:35:24,707 - logger - INFO - Method Call: get_celestial_body
2022-12-19 19:35:24,707 - logger - WARNING - Celestial Body Moki Doesn't Exist
2022-12-19 19:35:24,708 - logger - ERROR - Celestial Body Moki Doesn't Exist
2022-12-19 19:35:36,876 - logger - INFO - Method Call: celestial_body_input
2022-12-19 19:35:46,290 - logger - INFO - Method Call: set_celestial_body
2022-12-19 19:35:49,694 - logger - INFO - Method Call: get_celestial_body
2022-12-19 19:35:59,120 - logger - INFO - Method Call: delete_celestial_body
2022-12-19 19:36:04,208 - logger - INFO - Method Call: get_celestial_body
2022-12-19 19:36:21,750 - logger - INFO - Method Call: celestial_body_input
2022-12-19 19:36:28,952 - logger - WARNING - Not A Valid Number
2022-12-19 19:36:33,175 - logger - INFO - Method Call: set_celestial_body
2022-12-19 19:36:33,176 - logger - ERROR - invalid literal for int() with base 10: 'dzfjnlkjdv'
2022-12-19 19:36:37,090 - logger - INFO - Method Call: celestial_body_input
2022-12-19 19:36:47,765 - logger - WARNING - Not A Valid Number
2022-12-19 19:36:51,236 - logger - WARNING - Not A Valid Number
2022-12-19 19:36:58,498 - logger - INFO - Method Call: set_celestial_body
2022-12-19 19:36:58,498 - logger - ERROR - invalid literal for int() with base 10: 'x xjb'
2022-12-19 19:37:01,186 - logger - INFO - Method Call: get_celestial_body
2022-12-19 19:37:01,186 - logger - WARNING - Celestial Body Moki Doesn't Exist
2022-12-19 19:37:01,186 - logger - ERROR - Celestial Body Moki Doesn't Exist
2022-12-19 19:37:07,897 - logger - INFO - Method Call: celestial_body_input
2022-12-19 19:37:08,659 - logger - WARNING - Not A Valid 1
2022-12-19 19:37:26,568 - logger - INFO - Method Call: set_celestial_body
2022-12-19 19:37:28,983 - logger - INFO - Method Call: get_celestial_body
2022-12-19 19:37:28,983 - logger - WARNING - Celestial Body Moki Doesn't Exist
2022-12-19 19:37:28,983 - logger - ERROR - Celestial Body Moki Doesn't Exist
2022-12-19 19:37:34,744 - logger - INFO - Method Call: get_celestial_bodies
2022-12-19 19:40:03,211 - logger - INFO - Method Call: celestial_body_input
2022-12-19 19:40:05,433 - logger - WARNING - Not A Valid 1
2022-12-19 19:40:14,243 - logger - INFO - Method Call: set_celestial_body
2022-12-19 19:40:16,002 - logger - INFO - Method Call: get_celestial_body
2022-12-19 19:40:16,003 - logger - WARNING - Celestial Body Moki Doesn't Exist
2022-12-19 19:40:16,003 - logger - ERROR - Celestial Body Moki Doesn't Exist
2022-12-19 19:40:18,889 - logger - INFO - Method Call: get_celestial_body
2022-12-19 19:47:16,888 - logger - INFO - Method Call: celestial_body_input
2022-12-19 19:47:23,908 - logger - INFO - Method Call: set_celestial_body
2022-12-19 19:47:26,464 - logger - INFO - Method Call: get_celestial_body
2022-12-19 19:47:32,103 - logger - INFO - Method Call: get_celestial_bodies
2022-12-19 19:47:32,104 - logger - ERROR - too many values to unpack (expected 2)
2022-12-19 19:47:48,048 - logger - INFO - Method Call: celestial_body_input
2022-12-19 19:47:54,648 - logger - INFO - Method Call: set_celestial_body
2022-12-19 19:47:56,832 - logger - INFO - Method Call: get_celestial_bodies
2022-12-19 19:48:16,637 - logger - INFO - Method Call: celestial_body_input
2022-12-19 19:48:25,104 - logger - INFO - Method Call: set_celestial_body
2022-12-19 19:48:27,153 - logger - INFO - Method Call: get_celestial_bodies
2022-12-19 19:48:34,672 - logger - INFO - Method Call: delete_celestial_body
2022-12-19 19:48:37,551 - logger - INFO - Method Call: get_celestial_bodies
2022-12-19 19:48:52,657 - logger - INFO - Method Call: get_celestial_body
2022-12-19 19:50:31,039 - logger - INFO - Method Call: celestial_body_input
2022-12-19 19:50:41,896 - logger - INFO - Method Call: set_celestial_body
2022-12-19 19:50:44,417 - logger - INFO - Method Call: get_celestial_body
2022-12-19 19:50:49,274 - logger - INFO - Method Call: get_celestial_bodies
2022-12-19 19:50:55,199 - logger - INFO - Method Call: delete_celestial_body
2022-12-19 19:50:59,635 - logger - INFO - Method Call: get_celestial_bodies
2022-12-19 19:51:02,913 - logger - INFO - Method Call: get_celestial_body
2022-12-19 19:51:02,914 - logger - WARNING - Celestial Body Moki Doesn't Exist
2022-12-19 19:51:02,914 - logger - ERROR - Celestial Body Moki Doesn't Exist
2022-12-19 22:16:10,243 - logger - INFO - Method Call: celestial_body_input
2022-12-19 22:16:12,392 - logger - WARNING - Not A Valid title
2022-12-19 22:16:21,597 - logger - INFO - Method Call: set_celestial_body
2022-12-19 22:16:23,625 - logger - INFO - Method Call: get_celestial_bodies
2022-12-19 22:18:30,544 - logger - INFO - Method Call: celestial_body_input
2022-12-19 22:18:34,625 - logger - INFO - Method Call: celestial_body_input
2022-12-19 22:18:35,292 - logger - WARNING - Not A Valid title
2022-12-19 22:18:43,548 - logger - INFO - Method Call: set_celestial_body
2022-12-19 22:18:44,892 - logger - INFO - Method Call: get_celestial_bodies
2022-12-19 22:19:57,067 - logger - INFO - Method Call: celestial_body_input
2022-12-19 22:19:57,785 - logger - WARNING - Not A Valid title
2022-12-19 22:20:21,354 - logger - INFO - Method Call: celestial_body_input
2022-12-19 22:20:22,435 - logger - WARNING - Not A Valid title
2022-12-19 22:20:23,374 - logger - WARNING - Not A Valid title
2022-12-19 22:20:24,074 - logger - WARNING - Not A Valid title
2022-12-19 22:21:18,682 - logger - INFO - Method Call: celestial_body_input
2022-12-19 22:21:19,961 - logger - WARNING - Not A Valid title
2022-12-19 22:21:28,637 - logger - INFO - Method Call: celestial_body_input
2022-12-19 22:21:29,697 - logger - WARNING - Not A Valid title
2022-12-19 22:21:30,238 - logger - WARNING - Not A Valid title
2022-12-19 22:21:30,626 - logger - WARNING - Not A Valid title
2022-12-19 22:21:31,207 - logger - WARNING - Not A Valid title
2022-12-19 22:21:49,106 - logger - INFO - Method Call: set_celestial_body
2022-12-19 22:21:56,434 - logger - INFO - Method Call: get_celestial_bodies
2022-12-19 22:22:50,476 - logger - INFO - Method Call: celestial_body_input
2022-12-19 22:22:51,078 - logger - WARNING - Not A Valid title
2022-12-19 22:22:52,716 - logger - WARNING - Not A Valid title
2022-12-19 22:22:53,139 - logger - WARNING - Not A Valid title
2022-12-19 22:22:54,271 - logger - WARNING - Not A Valid title
2022-12-19 22:23:03,630 - logger - INFO - Method Call: set_celestial_body
2022-12-19 22:23:04,588 - logger - INFO - Method Call: get_celestial_bodies
2022-12-19 22:24:00,084 - logger - INFO - Method Call: celestial_body_input
2022-12-19 22:24:02,687 - logger - WARNING - Not A Valid title
2022-12-19 22:24:03,023 - logger - WARNING - Not A Valid title
2022-12-19 22:24:03,347 - logger - WARNING - Not A Valid title
2022-12-19 22:24:03,671 - logger - WARNING - Not A Valid title
2022-12-19 22:24:04,052 - logger - WARNING - Not A Valid title
2022-12-19 22:24:12,440 - logger - INFO - Method Call: set_celestial_body
2022-12-19 22:24:13,353 - logger - INFO - Method Call: get_celestial_bodies
2022-12-19 22:25:09,180 - logger - INFO - Method Call: celestial_body_input
2022-12-19 22:25:10,118 - logger - WARNING - Not A Valid title
2022-12-19 22:25:10,506 - logger - WARNING - Not A Valid title
2022-12-19 22:25:10,818 - logger - WARNING - Not A Valid title
2022-12-19 22:25:11,130 - logger - WARNING - Not A Valid title
2022-12-19 22:25:11,913 - logger - WARNING - Not A Valid title
2022-12-19 22:25:13,303 - logger - ERROR - Not A Valid Number
2022-12-19 22:26:03,608 - logger - INFO - Method Call: celestial_body_input
2022-12-19 22:26:08,480 - logger - INFO - Method Call: celestial_body_input
2022-12-19 22:26:09,320 - logger - WARNING - Not A Valid title
2022-12-19 22:26:09,898 - logger - WARNING - Not A Valid title
2022-12-19 22:26:10,282 - logger - WARNING - Not A Valid title
2022-12-19 22:26:10,597 - logger - WARNING - Not A Valid title
2022-12-19 22:26:16,724 - logger - INFO - Method Call: set_celestial_body
2022-12-19 22:26:17,350 - logger - INFO - Method Call: get_celestial_bodies
2022-12-19 23:00:14,999 - logger - INFO - Method Call: celestial_body_input
2022-12-19 23:00:23,106 - logger - INFO - Method Call: set_celestial_body
2022-12-19 23:17:54,773 - logger - INFO - Method Call: celestial_body_input
2022-12-19 23:18:02,077 - logger - INFO - Method Call: set_celestial_body
2022-12-19 23:18:24,209 - logger - INFO - Method Call: celestial_body_input
2022-12-19 23:18:30,909 - logger - INFO - Method Call: celestial_body_input
2022-12-19 23:18:38,083 - logger - INFO - Method Call: set_celestial_body
2022-12-19 23:18:40,653 - logger - WARNING - Celestial Body Moki Already Exists
2022-12-19 23:18:50,808 - logger - INFO - Method Call: update_celestial_body
2022-12-19 23:19:02,363 - logger - INFO - Method Call: get_celestial_bodies
2022-12-19 23:19:15,690 - logger - WARNING - Celestial Body Moki Already Exists
2022-12-19 23:19:18,983 - logger - INFO - Method Call: update_celestial_body
2022-12-19 23:19:29,322 - logger - INFO - Method Call: get_celestial_bodies
2022-12-19 23:19:46,530 - logger - INFO - Method Call: delete_celestial_body
2022-12-19 23:19:46,531 - logger - WARNING - Celestial Body Moki Doesn't Exist
2022-12-19 23:19:46,531 - logger - ERROR - Celestial Body Moki Doesn't Exist
2022-12-19 23:19:55,860 - logger - INFO - Method Call: delete_celestial_body
2022-12-19 23:20:01,264 - logger - INFO - Method Call: get_celestial_bodies
2022-12-19 23:28:50,890 - logger - INFO - Method Call: compare_celestial_bodies
2022-12-19 23:28:50,890 - logger - WARNING - Celestial Body Moki Doesn't Exist
2022-12-19 23:28:50,890 - logger - ERROR - Celestial Body Moki Doesn't Exist
2022-12-19 23:29:14,603 - logger - ERROR - Celestial Body None Doesn't Exist
2022-12-19 23:32:56,890 - logger - ERROR - Celestial Body Moki Doesn't Exist
2022-12-19 23:33:02,778 - logger - ERROR - Celestial Body Loki Doesn't Exist
